<?xml version="1.0" encoding="UTF-8"?>
<robot generator="Robot 7.2.2 (Python 3.13.3 on win32)" generated="2025-05-20T08:50:27.865784" rpa="false" schemaversion="5">
<suite id="s1" name="Login" source="c:\Users\Testing Company\QAx\projects\robot-actions\tests\login.robot">
<test id="s1-t1" name="Senha incorreta" line="10">
<kw name="Start Browser" owner="base" type="SETUP">
<kw name="New Browser" owner="Browser">
<msg time="2025-05-20T08:50:28.735981" level="INFO">{"browser": "chromium", "headless": true, "chromiumSandbox": false, "devtools": false, "handleSIGHUP": true, "handleSIGINT": true, "handleSIGTERM": true, "slowMo": 0.0, "timeout": 30000.0, "tracesDir": "C:\\Users\\Testing Company\\QAx\\projects\\robot-actions\\browser\\traces\\temp\\71b5ce77-0c81-472d-9e52-31dc48b08697"}</msg>
<msg time="2025-05-20T08:50:28.800446" level="FAIL">
#############################################################
#                                                           #
#  RF-Browser dependencies not found in installation path!  #
#           Run `rfbrowser init` to install.                #
#                                                           #
#############################################################
Installation path: C:\Users\Testing Company\AppData\Roaming\Python\Python313\site-packages\Browser\wrapper</msg>
<arg>browser=${BROWSER}</arg>
<arg>headless=${IS_HEADLESS}</arg>
<tag>BrowserControl</tag>
<tag>Setter</tag>
<doc>Create a new playwright Browser with specified options.</doc>
<status status="FAIL" start="2025-05-20T08:50:28.733940" elapsed="0.147697">
#############################################################
#                                                           #
#  RF-Browser dependencies not found in installation path!  #
#           Run `rfbrowser init` to install.                #
#                                                           #
#############################################################
Installation path: C:\Users\Testing Company\AppData\Roaming\Python\Python313\site-packages\Browser\wrapper</status>
</kw>
<kw name="New Page" owner="Browser">
<arg>${BASE_URL}</arg>
<tag>BrowserControl</tag>
<tag>Setter</tag>
<doc>Open a new Page.</doc>
<status status="NOT RUN" start="2025-05-20T08:50:28.882288" elapsed="0.000448"/>
</kw>
<status status="FAIL" start="2025-05-20T08:50:28.732029" elapsed="0.151192">
#############################################################
#                                                           #
#  RF-Browser dependencies not found in installation path!  #
#           Run `rfbrowser init` to install.                #
#                                                           #
#############################################################
Installation path: C:\Users\Testing Company\AppData\Roaming\Python\Python313\site-packages\Browser\wrapper</status>
</kw>
<kw name="Finish Browser" owner="base" type="TEARDOWN">
<kw name="Take Screenshot" owner="Browser">
<msg time="2025-05-20T08:50:28.928492" level="FAIL">
#############################################################
#                                                           #
#  RF-Browser dependencies not found in installation path!  #
#           Run `rfbrowser init` to install.                #
#                                                           #
#############################################################
Installation path: C:\Users\Testing Company\AppData\Roaming\Python\Python313\site-packages\Browser\wrapper</msg>
<arg>fullPage=true</arg>
<tag>PageContent</tag>
<doc>Takes a screenshot of the current window or element and saves it to disk.</doc>
<status status="FAIL" start="2025-05-20T08:50:28.887987" elapsed="0.044357">
#############################################################
#                                                           #
#  RF-Browser dependencies not found in installation path!  #
#           Run `rfbrowser init` to install.                #
#                                                           #
#############################################################
Installation path: C:\Users\Testing Company\AppData\Roaming\Python\Python313\site-packages\Browser\wrapper</status>
</kw>
<status status="FAIL" start="2025-05-20T08:50:28.886825" elapsed="0.046311">
#############################################################
#                                                           #
#  RF-Browser dependencies not found in installation path!  #
#           Run `rfbrowser init` to install.                #
#                                                           #
#############################################################
Installation path: C:\Users\Testing Company\AppData\Roaming\Python\Python313\site-packages\Browser\wrapper</status>
</kw>
<status status="FAIL" start="2025-05-20T08:50:28.725779" elapsed="0.285303">Setup failed:

#############################################################
#                                                           #
#  RF-Browser dependencies not found in installation path!  #
#           Run `rfbrowser init` to install.                #
#                                                           #
#############################################################
Installation path: C:\Users\Testing Company\AppData\Roaming\Python\Python313\site-packages\Browser\wrapper

Also teardown failed:

#############################################################
#                                                           #
#  RF-Browser dependencies not found in installation path!  #
#           Run `rfbrowser init` to install.                #
#                                                           #
#############################################################
Installation path: C:\Users\Testing Company\AppData\Roaming\Python\Python313\site-packages\Browser\wrapper</status>
</test>
<doc>Suíte de testes de login</doc>
<status status="FAIL" start="2025-05-20T08:50:27.882059" elapsed="1.232448"/>
</suite>
<statistics>
<total>
<stat pass="0" fail="1" skip="0">All Tests</stat>
</total>
<tag>
</tag>
<suite>
<stat name="Login" id="s1" pass="0" fail="1" skip="0">Login</stat>
</suite>
</statistics>
<errors>
<msg time="2025-05-20T08:50:29.102400" level="ERROR">Calling method '_end_test' of listener 'Browser' failed: 
#############################################################
#                                                           #
#  RF-Browser dependencies not found in installation path!  #
#           Run `rfbrowser init` to install.                #
#                                                           #
#############################################################
Installation path: C:\Users\Testing Company\AppData\Roaming\Python\Python313\site-packages\Browser\wrapper</msg>
<msg time="2025-05-20T08:50:29.180780" level="ERROR">Calling method '_end_suite' of listener 'Browser' failed: 
#############################################################
#                                                           #
#  RF-Browser dependencies not found in installation path!  #
#           Run `rfbrowser init` to install.                #
#                                                           #
#############################################################
Installation path: C:\Users\Testing Company\AppData\Roaming\Python\Python313\site-packages\Browser\wrapper</msg>
</errors>
</robot>
