<?xml version="1.0" encoding="UTF-8"?>
<robot generator="Robot 7.2.2 (Python 3.13.3 on win32)" generated="2025-05-20T08:50:30.547939" rpa="false" schemaversion="5">
<suite id="s1" name="Robot-Actions" source="C:\Users\Testing Company\QAx\projects\robot-actions">
<suite id="s1-s1" name="Tests" source="C:\Users\Testing Company\QAx\projects\robot-actions\tests">
<suite id="s1-s1-s1" name="Login" source="C:\Users\Testing Company\QAx\projects\robot-actions\tests\login.robot">
<test id="s1-s1-s1-t1" name="Senha incorreta" line="10">
<kw name="Start Browser" owner="base" type="SETUP">
<kw name="New Browser" owner="Browser">
<msg time="2025-05-20T08:50:30.870824" level="INFO">{"browser": "chromium", "headless": true, "chromiumSandbox": false, "devtools": false, "handleSIGHUP": true, "handleSIGINT": true, "handleSIGTERM": true, "slowMo": 0.0, "timeout": 30000.0, "tracesDir": "C:\\Users\\Testing Company\\QAx\\projects\\robot-actions\\results\\browser\\traces\\temp\\ad6fc579-a8d7-47a9-8ec5-68d848390ea8"}</msg>
<msg time="2025-05-20T08:50:31.017437" level="FAIL">
#############################################################
#                                                           #
#  RF-Browser dependencies not found in installation path!  #
#           Run `rfbrowser init` to install.                #
#                                                           #
#############################################################
Installation path: C:\Users\Testing Company\AppData\Roaming\Python\Python313\site-packages\Browser\wrapper</msg>
<arg>browser=${BROWSER}</arg>
<arg>headless=${IS_HEADLESS}</arg>
<tag>BrowserControl</tag>
<tag>Setter</tag>
<doc>Create a new playwright Browser with specified options.</doc>
<status status="FAIL" start="2025-05-20T08:50:30.869342" elapsed="0.158720">
#############################################################
#                                                           #
#  RF-Browser dependencies not found in installation path!  #
#           Run `rfbrowser init` to install.                #
#                                                           #
#############################################################
Installation path: C:\Users\Testing Company\AppData\Roaming\Python\Python313\site-packages\Browser\wrapper</status>
</kw>
<kw name="New Page" owner="Browser">
<arg>${BASE_URL}</arg>
<tag>BrowserControl</tag>
<tag>Setter</tag>
<doc>Open a new Page.</doc>
<status status="NOT RUN" start="2025-05-20T08:50:31.028628" elapsed="0.000779"/>
</kw>
<status status="FAIL" start="2025-05-20T08:50:30.867707" elapsed="0.162176">
#############################################################
#                                                           #
#  RF-Browser dependencies not found in installation path!  #
#           Run `rfbrowser init` to install.                #
#                                                           #
#############################################################
Installation path: C:\Users\Testing Company\AppData\Roaming\Python\Python313\site-packages\Browser\wrapper</status>
</kw>
<kw name="Finish Browser" owner="base" type="TEARDOWN">
<kw name="Take Screenshot" owner="Browser">
<msg time="2025-05-20T08:50:31.086223" level="FAIL">
#############################################################
#                                                           #
#  RF-Browser dependencies not found in installation path!  #
#           Run `rfbrowser init` to install.                #
#                                                           #
#############################################################
Installation path: C:\Users\Testing Company\AppData\Roaming\Python\Python313\site-packages\Browser\wrapper</msg>
<arg>fullPage=true</arg>
<tag>PageContent</tag>
<doc>Takes a screenshot of the current window or element and saves it to disk.</doc>
<status status="FAIL" start="2025-05-20T08:50:31.032924" elapsed="0.061823">
#############################################################
#                                                           #
#  RF-Browser dependencies not found in installation path!  #
#           Run `rfbrowser init` to install.                #
#                                                           #
#############################################################
Installation path: C:\Users\Testing Company\AppData\Roaming\Python\Python313\site-packages\Browser\wrapper</status>
</kw>
<status status="FAIL" start="2025-05-20T08:50:31.031715" elapsed="0.063561">
#############################################################
#                                                           #
#  RF-Browser dependencies not found in installation path!  #
#           Run `rfbrowser init` to install.                #
#                                                           #
#############################################################
Installation path: C:\Users\Testing Company\AppData\Roaming\Python\Python313\site-packages\Browser\wrapper</status>
</kw>
<status status="FAIL" start="2025-05-20T08:50:30.865621" elapsed="0.238970">Setup failed:

#############################################################
#                                                           #
#  RF-Browser dependencies not found in installation path!  #
#           Run `rfbrowser init` to install.                #
#                                                           #
#############################################################
Installation path: C:\Users\Testing Company\AppData\Roaming\Python\Python313\site-packages\Browser\wrapper

Also teardown failed:

#############################################################
#                                                           #
#  RF-Browser dependencies not found in installation path!  #
#           Run `rfbrowser init` to install.                #
#                                                           #
#############################################################
Installation path: C:\Users\Testing Company\AppData\Roaming\Python\Python313\site-packages\Browser\wrapper</status>
</test>
<doc>Suíte de testes de login</doc>
<status status="FAIL" start="2025-05-20T08:50:30.610726" elapsed="0.566645"/>
</suite>
<status status="FAIL" start="2025-05-20T08:50:30.604339" elapsed="0.630040"/>
</suite>
<status status="FAIL" start="2025-05-20T08:50:30.580348" elapsed="0.664716"/>
</suite>
<statistics>
<total>
<stat pass="0" fail="1" skip="0">All Tests</stat>
</total>
<tag>
</tag>
<suite>
<stat name="Robot-Actions" id="s1" pass="0" fail="1" skip="0">Robot-Actions</stat>
<stat name="Tests" id="s1-s1" pass="0" fail="1" skip="0">Robot-Actions.Tests</stat>
<stat name="Login" id="s1-s1-s1" pass="0" fail="1" skip="0">Robot-Actions.Tests.Login</stat>
</suite>
</statistics>
<errors>
<msg time="2025-05-20T08:50:31.168326" level="ERROR">Calling method '_end_test' of listener 'Browser' failed: 
#############################################################
#                                                           #
#  RF-Browser dependencies not found in installation path!  #
#           Run `rfbrowser init` to install.                #
#                                                           #
#############################################################
Installation path: C:\Users\Testing Company\AppData\Roaming\Python\Python313\site-packages\Browser\wrapper</msg>
<msg time="2025-05-20T08:50:31.229348" level="ERROR">Calling method '_end_suite' of listener 'Browser' failed: 
#############################################################
#                                                           #
#  RF-Browser dependencies not found in installation path!  #
#           Run `rfbrowser init` to install.                #
#                                                           #
#############################################################
Installation path: C:\Users\Testing Company\AppData\Roaming\Python\Python313\site-packages\Browser\wrapper</msg>
</errors>
</robot>
